<?xml version="1.0" encoding="UTF-8"?>
<!-- Generated by org.testng.reporters.JUnitXMLReporter -->
<testsuite ignored="0" hostname="DESKTOP-TOBD6D9" failures="0" tests="3" name="Test" time="33.148" errors="0" timestamp="2023-12-20T15:25:16 IST">
  <testcase classname="Project.SampleTest" name="testcase" time="0.023"/>
  <testcase classname="Project.SampleTest" name="testcase1" time="20.835"/>
  <testcase classname="Project.SampleTest" name="testcase2" time="12.187"/>
</testsuite> <!-- Test -->
